<?xml version="1.0" encoding="UTF-8"?>
<testsuite xmlns:xsi="http://www.w3.org/2001/XMLSchema-instance" xsi:noNamespaceSchemaLocation="https://maven.apache.org/surefire/maven-surefire-plugin/xsd/surefire-test-report-3.0.xsd" version="3.0" name="test.TestRunner" time="7.098" tests="8" errors="0" skipped="0" failures="0">
  <properties>
[...]
</properties>
  <testcase name="To create new student using cucumber Data Table #1" classname="To create a new student" time="2.674"/>
  <testcase name="To create new student using cucumber Data Table #2" classname="To create a new student" time="0.152"/>
  <testcase name="To create new student using JSON data #1" classname="To create a new student" time="0.176"/>
  <testcase name="To create new student using JSON data #2" classname="To create a new student" time="0.063"/>
  <testcase name="To delete a student with ID" classname="To delete a student" time="0.059"/>
  <testcase name="To update a student with ID" classname="To update a student" time="0.085"/>
  <testcase name="To view student details with ID and Class" classname="To view the Student details" time="0.556"/>
  <testcase name="To view student details with class" classname="To view the Student details" time="0.08"/>
</testsuite>